INFO  Start processing
INFO  Hexo is running at http://localhost:4000 . Press Ctrl+C to stop.
INFO  Start processing
INFO  Hexo is running at http://localhost:4000 . Press Ctrl+C to stop.
INFO  Start processing
INFO  Hexo is running at http://localhost:4000 . Press Ctrl+C to stop.
INFO  Start processing
INFO  Hexo is running at http://localhost:4000 . Press Ctrl+C to stop.
INFO  Start processing
INFO  Hexo is running at http://localhost:4000 . Press Ctrl+C to stop.
ERROR Process failed: _posts/测试hexo博客.md
YAMLException: can not read a block mapping entry; a multiline key may not be an implicit key at line 4, column 1:
    
    ^
    at generateError (/root/panboke/node_modules/js-yaml/lib/js-yaml/loader.js:167:10)
    at throwError (/root/panboke/node_modules/js-yaml/lib/js-yaml/loader.js:173:9)
    at readBlockMapping (/root/panboke/node_modules/js-yaml/lib/js-yaml/loader.js:1073:9)
    at composeNode (/root/panboke/node_modules/js-yaml/lib/js-yaml/loader.js:1359:12)
    at readDocument (/root/panboke/node_modules/js-yaml/lib/js-yaml/loader.js:1519:3)
    at loadDocuments (/root/panboke/node_modules/js-yaml/lib/js-yaml/loader.js:1575:5)
    at Object.load (/root/panboke/node_modules/js-yaml/lib/js-yaml/loader.js:1596:19)
    at parseYAML (/root/panboke/node_modules/hexo-front-matter/lib/front_matter.js:80:21)
    at parse (/root/panboke/node_modules/hexo-front-matter/lib/front_matter.js:56:12)
    at /root/panboke/node_modules/hexo/lib/plugins/processor/post.js:51:20
    at tryCatcher (/root/panboke/node_modules/bluebird/js/release/util.js:16:23)
    at Promise._settlePromiseFromHandler (/root/panboke/node_modules/bluebird/js/release/promise.js:514:35)
    at Promise._settlePromise (/root/panboke/node_modules/bluebird/js/release/promise.js:574:18)
    at Promise._settlePromise0 (/root/panboke/node_modules/bluebird/js/release/promise.js:619:10)
    at Promise._settlePromises (/root/panboke/node_modules/bluebird/js/release/promise.js:699:18)
    at Promise._fulfill (/root/panboke/node_modules/bluebird/js/release/promise.js:643:18)
    at PromiseArray._resolve (/root/panboke/node_modules/bluebird/js/release/promise_array.js:126:19)
    at PromiseArray._promiseFulfilled (/root/panboke/node_modules/bluebird/js/release/promise_array.js:144:14)
    at PromiseArray._iterate (/root/panboke/node_modules/bluebird/js/release/promise_array.js:114:31)
    at PromiseArray.init [as _init] (/root/panboke/node_modules/bluebird/js/release/promise_array.js:78:10)
    at Promise._settlePromise (/root/panboke/node_modules/bluebird/js/release/promise.js:571:21)
    at Promise._settlePromise0 (/root/panboke/node_modules/bluebird/js/release/promise.js:619:10)
INFO  Start processing
ERROR Process failed: _posts/测试hexo博客.md
YAMLException: can not read a block mapping entry; a multiline key may not be an implicit key at line 4, column 1:
    
    ^
    at generateError (/root/panboke/node_modules/js-yaml/lib/js-yaml/loader.js:167:10)
    at throwError (/root/panboke/node_modules/js-yaml/lib/js-yaml/loader.js:173:9)
    at readBlockMapping (/root/panboke/node_modules/js-yaml/lib/js-yaml/loader.js:1073:9)
    at composeNode (/root/panboke/node_modules/js-yaml/lib/js-yaml/loader.js:1359:12)
    at readDocument (/root/panboke/node_modules/js-yaml/lib/js-yaml/loader.js:1519:3)
    at loadDocuments (/root/panboke/node_modules/js-yaml/lib/js-yaml/loader.js:1575:5)
    at Object.load (/root/panboke/node_modules/js-yaml/lib/js-yaml/loader.js:1596:19)
    at parseYAML (/root/panboke/node_modules/hexo-front-matter/lib/front_matter.js:80:21)
    at parse (/root/panboke/node_modules/hexo-front-matter/lib/front_matter.js:56:12)
    at /root/panboke/node_modules/hexo/lib/plugins/processor/post.js:51:20
    at tryCatcher (/root/panboke/node_modules/bluebird/js/release/util.js:16:23)
    at Promise._settlePromiseFromHandler (/root/panboke/node_modules/bluebird/js/release/promise.js:514:35)
    at Promise._settlePromise (/root/panboke/node_modules/bluebird/js/release/promise.js:574:18)
    at Promise._settlePromise0 (/root/panboke/node_modules/bluebird/js/release/promise.js:619:10)
    at Promise._settlePromises (/root/panboke/node_modules/bluebird/js/release/promise.js:699:18)
    at Promise._fulfill (/root/panboke/node_modules/bluebird/js/release/promise.js:643:18)
    at PromiseArray._resolve (/root/panboke/node_modules/bluebird/js/release/promise_array.js:126:19)
    at PromiseArray._promiseFulfilled (/root/panboke/node_modules/bluebird/js/release/promise_array.js:144:14)
    at PromiseArray._iterate (/root/panboke/node_modules/bluebird/js/release/promise_array.js:114:31)
    at PromiseArray.init [as _init] (/root/panboke/node_modules/bluebird/js/release/promise_array.js:78:10)
    at Promise._settlePromise (/root/panboke/node_modules/bluebird/js/release/promise.js:571:21)
    at Promise._settlePromise0 (/root/panboke/node_modules/bluebird/js/release/promise.js:619:10)
INFO  Hexo is running at http://localhost:4000 . Press Ctrl+C to stop.
ERROR Process failed: _posts/测试hexo博客.md
YAMLException: can not read a block mapping entry; a multiline key may not be an implicit key at line 4, column 1:
    
    ^
    at generateError (/root/panboke/node_modules/js-yaml/lib/js-yaml/loader.js:167:10)
    at throwError (/root/panboke/node_modules/js-yaml/lib/js-yaml/loader.js:173:9)
    at readBlockMapping (/root/panboke/node_modules/js-yaml/lib/js-yaml/loader.js:1073:9)
    at composeNode (/root/panboke/node_modules/js-yaml/lib/js-yaml/loader.js:1359:12)
    at readDocument (/root/panboke/node_modules/js-yaml/lib/js-yaml/loader.js:1519:3)
    at loadDocuments (/root/panboke/node_modules/js-yaml/lib/js-yaml/loader.js:1575:5)
    at Object.load (/root/panboke/node_modules/js-yaml/lib/js-yaml/loader.js:1596:19)
    at parseYAML (/root/panboke/node_modules/hexo-front-matter/lib/front_matter.js:80:21)
    at parse (/root/panboke/node_modules/hexo-front-matter/lib/front_matter.js:56:12)
    at /root/panboke/node_modules/hexo/lib/plugins/processor/post.js:51:20
    at tryCatcher (/root/panboke/node_modules/bluebird/js/release/util.js:16:23)
    at Promise._settlePromiseFromHandler (/root/panboke/node_modules/bluebird/js/release/promise.js:514:35)
    at Promise._settlePromise (/root/panboke/node_modules/bluebird/js/release/promise.js:574:18)
    at Promise._settlePromise0 (/root/panboke/node_modules/bluebird/js/release/promise.js:619:10)
    at Promise._settlePromises (/root/panboke/node_modules/bluebird/js/release/promise.js:699:18)
    at Promise._fulfill (/root/panboke/node_modules/bluebird/js/release/promise.js:643:18)
    at PromiseArray._resolve (/root/panboke/node_modules/bluebird/js/release/promise_array.js:126:19)
    at PromiseArray._promiseFulfilled (/root/panboke/node_modules/bluebird/js/release/promise_array.js:144:14)
    at PromiseArray._iterate (/root/panboke/node_modules/bluebird/js/release/promise_array.js:114:31)
    at PromiseArray.init [as _init] (/root/panboke/node_modules/bluebird/js/release/promise_array.js:78:10)
    at Promise._settlePromise (/root/panboke/node_modules/bluebird/js/release/promise.js:571:21)
    at Promise._settlePromise0 (/root/panboke/node_modules/bluebird/js/release/promise.js:619:10)
INFO  Start processing
INFO  Hexo is running at http://localhost:4000 . Press Ctrl+C to stop.
INFO  Start processing
INFO  Hexo is running at http://localhost:4000 . Press Ctrl+C to stop.
INFO  Start processing
INFO  Hexo is running at http://localhost:4000 . Press Ctrl+C to stop.
URIError: URI malformed
    at decodeURIComponent (<anonymous>)
    at /root/panboke/node_modules/hexo-server/lib/middlewares/route.js:18:28
    at call (/root/panboke/node_modules/connect/index.js:239:7)
    at next (/root/panboke/node_modules/connect/index.js:183:5)
    at /root/panboke/node_modules/hexo-server/lib/middlewares/header.js:9:5
    at call (/root/panboke/node_modules/connect/index.js:239:7)
    at next (/root/panboke/node_modules/connect/index.js:183:5)
    at Function.handle (/root/panboke/node_modules/connect/index.js:186:3)
    at Server.app (/root/panboke/node_modules/connect/index.js:51:37)
    at Server.emit (events.js:200:13)
    at parserOnIncoming (_http_server.js:713:12)
    at HTTPParser.parserOnHeadersComplete (_http_common.js:116:17)
URIError: URI malformed
    at decodeURIComponent (<anonymous>)
    at /root/panboke/node_modules/hexo-server/lib/middlewares/route.js:18:28
    at call (/root/panboke/node_modules/connect/index.js:239:7)
    at next (/root/panboke/node_modules/connect/index.js:183:5)
    at /root/panboke/node_modules/hexo-server/lib/middlewares/header.js:9:5
    at call (/root/panboke/node_modules/connect/index.js:239:7)
    at next (/root/panboke/node_modules/connect/index.js:183:5)
    at Function.handle (/root/panboke/node_modules/connect/index.js:186:3)
    at Server.app (/root/panboke/node_modules/connect/index.js:51:37)
    at Server.emit (events.js:200:13)
    at parserOnIncoming (_http_server.js:713:12)
    at HTTPParser.parserOnHeadersComplete (_http_common.js:116:17)
URIError: URI malformed
    at decodeURIComponent (<anonymous>)
    at /root/panboke/node_modules/hexo-server/lib/middlewares/route.js:18:28
    at call (/root/panboke/node_modules/connect/index.js:239:7)
    at next (/root/panboke/node_modules/connect/index.js:183:5)
    at /root/panboke/node_modules/hexo-server/lib/middlewares/header.js:9:5
    at call (/root/panboke/node_modules/connect/index.js:239:7)
    at next (/root/panboke/node_modules/connect/index.js:183:5)
    at Function.handle (/root/panboke/node_modules/connect/index.js:186:3)
    at Server.app (/root/panboke/node_modules/connect/index.js:51:37)
    at Server.emit (events.js:200:13)
    at parserOnIncoming (_http_server.js:713:12)
    at HTTPParser.parserOnHeadersComplete (_http_common.js:116:17)
URIError: URI malformed
    at decodeURIComponent (<anonymous>)
    at /root/panboke/node_modules/hexo-server/lib/middlewares/route.js:18:28
    at call (/root/panboke/node_modules/connect/index.js:239:7)
    at next (/root/panboke/node_modules/connect/index.js:183:5)
    at /root/panboke/node_modules/hexo-server/lib/middlewares/header.js:9:5
    at call (/root/panboke/node_modules/connect/index.js:239:7)
    at next (/root/panboke/node_modules/connect/index.js:183:5)
    at Function.handle (/root/panboke/node_modules/connect/index.js:186:3)
    at Server.app (/root/panboke/node_modules/connect/index.js:51:37)
    at Server.emit (events.js:200:13)
    at parserOnIncoming (_http_server.js:713:12)
    at HTTPParser.parserOnHeadersComplete (_http_common.js:116:17)
URIError: URI malformed
    at decodeURIComponent (<anonymous>)
    at /root/panboke/node_modules/hexo-server/lib/middlewares/route.js:18:28
    at call (/root/panboke/node_modules/connect/index.js:239:7)
    at next (/root/panboke/node_modules/connect/index.js:183:5)
    at /root/panboke/node_modules/hexo-server/lib/middlewares/header.js:9:5
    at call (/root/panboke/node_modules/connect/index.js:239:7)
    at next (/root/panboke/node_modules/connect/index.js:183:5)
    at Function.handle (/root/panboke/node_modules/connect/index.js:186:3)
    at Server.app (/root/panboke/node_modules/connect/index.js:51:37)
    at Server.emit (events.js:200:13)
    at parserOnIncoming (_http_server.js:713:12)
    at HTTPParser.parserOnHeadersComplete (_http_common.js:116:17)
URIError: URI malformed
    at decodeURIComponent (<anonymous>)
    at /root/panboke/node_modules/hexo-server/lib/middlewares/route.js:18:28
    at call (/root/panboke/node_modules/connect/index.js:239:7)
    at next (/root/panboke/node_modules/connect/index.js:183:5)
    at /root/panboke/node_modules/hexo-server/lib/middlewares/header.js:9:5
    at call (/root/panboke/node_modules/connect/index.js:239:7)
    at next (/root/panboke/node_modules/connect/index.js:183:5)
    at Function.handle (/root/panboke/node_modules/connect/index.js:186:3)
    at Server.app (/root/panboke/node_modules/connect/index.js:51:37)
    at Server.emit (events.js:200:13)
    at parserOnIncoming (_http_server.js:713:12)
    at HTTPParser.parserOnHeadersComplete (_http_common.js:116:17)
URIError: URI malformed
    at decodeURIComponent (<anonymous>)
    at /root/panboke/node_modules/hexo-server/lib/middlewares/route.js:18:28
    at call (/root/panboke/node_modules/connect/index.js:239:7)
    at next (/root/panboke/node_modules/connect/index.js:183:5)
    at /root/panboke/node_modules/hexo-server/lib/middlewares/header.js:9:5
    at call (/root/panboke/node_modules/connect/index.js:239:7)
    at next (/root/panboke/node_modules/connect/index.js:183:5)
    at Function.handle (/root/panboke/node_modules/connect/index.js:186:3)
    at Server.app (/root/panboke/node_modules/connect/index.js:51:37)
    at Server.emit (events.js:200:13)
    at parserOnIncoming (_http_server.js:713:12)
    at HTTPParser.parserOnHeadersComplete (_http_common.js:116:17)
URIError: URI malformed
    at decodeURIComponent (<anonymous>)
    at /root/panboke/node_modules/hexo-server/lib/middlewares/route.js:18:28
    at call (/root/panboke/node_modules/connect/index.js:239:7)
    at next (/root/panboke/node_modules/connect/index.js:183:5)
    at /root/panboke/node_modules/hexo-server/lib/middlewares/header.js:9:5
    at call (/root/panboke/node_modules/connect/index.js:239:7)
    at next (/root/panboke/node_modules/connect/index.js:183:5)
    at Function.handle (/root/panboke/node_modules/connect/index.js:186:3)
    at Server.app (/root/panboke/node_modules/connect/index.js:51:37)
    at Server.emit (events.js:200:13)
    at parserOnIncoming (_http_server.js:713:12)
    at HTTPParser.parserOnHeadersComplete (_http_common.js:116:17)
URIError: URI malformed
    at decodeURIComponent (<anonymous>)
    at /root/panboke/node_modules/hexo-server/lib/middlewares/route.js:18:28
    at call (/root/panboke/node_modules/connect/index.js:239:7)
    at next (/root/panboke/node_modules/connect/index.js:183:5)
    at /root/panboke/node_modules/hexo-server/lib/middlewares/header.js:9:5
    at call (/root/panboke/node_modules/connect/index.js:239:7)
    at next (/root/panboke/node_modules/connect/index.js:183:5)
    at Function.handle (/root/panboke/node_modules/connect/index.js:186:3)
    at Server.app (/root/panboke/node_modules/connect/index.js:51:37)
    at Server.emit (events.js:200:13)
    at parserOnIncoming (_http_server.js:713:12)
    at HTTPParser.parserOnHeadersComplete (_http_common.js:116:17)
URIError: URI malformed
    at decodeURIComponent (<anonymous>)
    at /root/panboke/node_modules/hexo-server/lib/middlewares/route.js:18:28
    at call (/root/panboke/node_modules/connect/index.js:239:7)
    at next (/root/panboke/node_modules/connect/index.js:183:5)
    at /root/panboke/node_modules/hexo-server/lib/middlewares/header.js:9:5
    at call (/root/panboke/node_modules/connect/index.js:239:7)
    at next (/root/panboke/node_modules/connect/index.js:183:5)
    at Function.handle (/root/panboke/node_modules/connect/index.js:186:3)
    at Server.app (/root/panboke/node_modules/connect/index.js:51:37)
    at Server.emit (events.js:200:13)
    at parserOnIncoming (_http_server.js:713:12)
    at HTTPParser.parserOnHeadersComplete (_http_common.js:116:17)
INFO  Start processing
INFO  Hexo is running at http://localhost:4000 . Press Ctrl+C to stop.
ERROR Process failed: layout/tag.pug
Error: /root/panboke/themes/hexo-theme-laughing-master/layout/tag.pug:12:60
    10| block content
    11|   .post__achive
  > 12|     each posts, year in _.groupBy(page.posts.toArray(), p => - p.date.format('YYYY'))
-------------------------------------------------------------------^
    13|       h2= -year
    14|       ul.achive__list
    15|         for post in posts

Syntax Error: Unexpected token
    at makeError (/root/panboke/node_modules/pug-error/index.js:32:13)
    at Lexer.error (/root/panboke/node_modules/pug-lexer/index.js:52:15)
    at Lexer.assertExpression (/root/panboke/node_modules/pug-lexer/index.js:71:12)
    at Lexer.each (/root/panboke/node_modules/pug-lexer/index.js:860:12)
    at Lexer.callLexerFunction (/root/panboke/node_modules/pug-lexer/index.js:1266:23)
    at Lexer.advance (/root/panboke/node_modules/pug-lexer/index.js:1294:15)
    at Lexer.callLexerFunction (/root/panboke/node_modules/pug-lexer/index.js:1266:23)
    at Lexer.getTokens (/root/panboke/node_modules/pug-lexer/index.js:1322:12)
    at Object.lex (/root/panboke/node_modules/pug-lexer/index.js:12:42)
    at Function.loadString [as string] (/root/panboke/node_modules/pug-loader/index.js:39:24)
    at compileBody (/root/panboke/node_modules/pug/lib/index.js:55:18)
    at Object.exports.compile (/root/panboke/node_modules/pug/lib/index.js:152:16)
    at Function.pugCompile [as compile] (/root/panboke/node_modules/hexo-renderer-pug/lib/renderer.js:6:16)
    at Theme._View.View.View._precompile (/root/panboke/node_modules/hexo/lib/theme/view.js:118:31)
    at Theme._View.View.View (/root/panboke/node_modules/hexo/lib/theme/view.js:14:8)
    at new Theme._View.View (/root/panboke/node_modules/hexo/lib/theme/index.js:37:10)
    at Theme.setView (/root/panboke/node_modules/hexo/lib/theme/index.js:71:20)
    at /root/panboke/node_modules/hexo/lib/theme/processors/view.js:14:14
    at tryCatcher (/root/panboke/node_modules/bluebird/js/release/util.js:16:23)
    at Promise._settlePromiseFromHandler (/root/panboke/node_modules/bluebird/js/release/promise.js:517:31)
    at Promise._settlePromise (/root/panboke/node_modules/bluebird/js/release/promise.js:574:18)
    at Promise._settlePromise0 (/root/panboke/node_modules/bluebird/js/release/promise.js:619:10)
Warning: Unexpected block undefined on line undefined + of undefined. This warning will be an error in v2.0.0
Warning: Unexpected block undefined on line undefined + of undefined. This warning will be an error in v2.0.0
Warning: Unexpected block undefined on line undefined + of undefined. This warning will be an error in v2.0.0
Unhandled rejection TypeError: /root/panboke/themes/hexo-theme-laughing-master/layout/tag.pug:15
    13|           h1.article-sort-item.title= _p('page.tags') + ' - ' + page.tag
    14|           - var year
  > 15|           - page.posts.each(function(article){
    16|               - var tempYear = date(article.date, 'YYYY')
    17|               if tempYear !== year
    18|                   - year = tempYear

Cannot read property 'each' of undefined
    at eval (eval at wrap (/root/panboke/node_modules/pug-runtime/wrap.js:6:10), <anonymous>:152:12)
    at template (eval at wrap (/root/panboke/node_modules/pug-runtime/wrap.js:6:10), <anonymous>:323:97)
    at Theme._View.View._compiled (/root/panboke/node_modules/hexo/lib/theme/view.js:125:48)
    at Theme._View.View.View.render (/root/panboke/node_modules/hexo/lib/theme/view.js:30:15)
    at /root/panboke/node_modules/hexo/lib/hexo/index.js:394:29
    at tryCatcher (/root/panboke/node_modules/bluebird/js/release/util.js:16:23)
    at /root/panboke/node_modules/bluebird/js/release/method.js:15:34
    at RouteStream._read (/root/panboke/node_modules/hexo/lib/hexo/router.js:134:3)
    at RouteStream.Readable.read (_stream_readable.js:474:10)
    at resume_ (_stream_readable.js:953:12)
    at processTicksAndRejections (internal/process/task_queues.js:84:9)
Unhandled rejection TypeError: /root/panboke/themes/hexo-theme-laughing-master/layout/tag.pug:15
    13|           h1.article-sort-item.title= _p('page.tags') + ' - ' + page.tag
    14|           - var year
  > 15|           - page.posts.each(function(article){
    16|               - var tempYear = date(article.date, 'YYYY')
    17|               if tempYear !== year
    18|                   - year = tempYear

Cannot read property 'each' of undefined
    at eval (eval at wrap (/root/panboke/node_modules/pug-runtime/wrap.js:6:10), <anonymous>:152:12)
    at template (eval at wrap (/root/panboke/node_modules/pug-runtime/wrap.js:6:10), <anonymous>:323:97)
    at Theme._View.View._compiled (/root/panboke/node_modules/hexo/lib/theme/view.js:125:48)
    at Theme._View.View.View.render (/root/panboke/node_modules/hexo/lib/theme/view.js:30:15)
    at /root/panboke/node_modules/hexo/lib/hexo/index.js:394:29
    at tryCatcher (/root/panboke/node_modules/bluebird/js/release/util.js:16:23)
    at /root/panboke/node_modules/bluebird/js/release/method.js:15:34
    at RouteStream._read (/root/panboke/node_modules/hexo/lib/hexo/router.js:134:3)
    at RouteStream.Readable.read (_stream_readable.js:474:10)
    at resume_ (_stream_readable.js:953:12)
    at processTicksAndRejections (internal/process/task_queues.js:84:9)
Unhandled rejection TypeError: /root/panboke/themes/hexo-theme-laughing-master/layout/tag.pug:15
    13|           h1.article-sort-item.title= _p('page.tags') + ' - ' + page.tag
    14|           - var year
  > 15|           - page.posts.each(function(article){
    16|               - var tempYear = date(article.date, 'YYYY')
    17|               if tempYear !== year
    18|                   - year = tempYear

Cannot read property 'each' of undefined
    at eval (eval at wrap (/root/panboke/node_modules/pug-runtime/wrap.js:6:10), <anonymous>:152:12)
    at template (eval at wrap (/root/panboke/node_modules/pug-runtime/wrap.js:6:10), <anonymous>:323:97)
    at Theme._View.View._compiled (/root/panboke/node_modules/hexo/lib/theme/view.js:125:48)
    at Theme._View.View.View.render (/root/panboke/node_modules/hexo/lib/theme/view.js:30:15)
    at /root/panboke/node_modules/hexo/lib/hexo/index.js:394:29
    at tryCatcher (/root/panboke/node_modules/bluebird/js/release/util.js:16:23)
    at /root/panboke/node_modules/bluebird/js/release/method.js:15:34
    at RouteStream._read (/root/panboke/node_modules/hexo/lib/hexo/router.js:134:3)
    at RouteStream.Readable.read (_stream_readable.js:474:10)
    at resume_ (_stream_readable.js:953:12)
    at processTicksAndRejections (internal/process/task_queues.js:84:9)
Unhandled rejection TypeError: /root/panboke/themes/hexo-theme-laughing-master/layout/tag.pug:15
    13|           h1.article-sort-item.title= _p('page.tags') + ' - ' + page.tag
    14|           - var year
  > 15|           - page.posts.each(function(article){
    16|               - var tempYear = date(article.date, 'YYYY')
    17|               if tempYear !== year
    18|                   - year = tempYear

Cannot read property 'each' of undefined
    at eval (eval at wrap (/root/panboke/node_modules/pug-runtime/wrap.js:6:10), <anonymous>:152:12)
    at template (eval at wrap (/root/panboke/node_modules/pug-runtime/wrap.js:6:10), <anonymous>:323:97)
    at Theme._View.View._compiled (/root/panboke/node_modules/hexo/lib/theme/view.js:125:48)
    at Theme._View.View.View.render (/root/panboke/node_modules/hexo/lib/theme/view.js:30:15)
    at /root/panboke/node_modules/hexo/lib/hexo/index.js:394:29
    at tryCatcher (/root/panboke/node_modules/bluebird/js/release/util.js:16:23)
    at /root/panboke/node_modules/bluebird/js/release/method.js:15:34
    at RouteStream._read (/root/panboke/node_modules/hexo/lib/hexo/router.js:134:3)
    at RouteStream.Readable.read (_stream_readable.js:474:10)
    at resume_ (_stream_readable.js:953:12)
    at processTicksAndRejections (internal/process/task_queues.js:84:9)
Unhandled rejection TypeError: /root/panboke/themes/hexo-theme-laughing-master/layout/tag.pug:15
    13|           h1.article-sort-item.title= _p('page.tags') + ' - ' + page.tag
    14|           - var year
  > 15|           - page.posts.each(function(article){
    16|               - var tempYear = date(article.date, 'YYYY')
    17|               if tempYear !== year
    18|                   - year = tempYear

Cannot read property 'each' of undefined
    at eval (eval at wrap (/root/panboke/node_modules/pug-runtime/wrap.js:6:10), <anonymous>:152:12)
    at template (eval at wrap (/root/panboke/node_modules/pug-runtime/wrap.js:6:10), <anonymous>:323:97)
    at Theme._View.View._compiled (/root/panboke/node_modules/hexo/lib/theme/view.js:125:48)
    at Theme._View.View.View.render (/root/panboke/node_modules/hexo/lib/theme/view.js:30:15)
    at /root/panboke/node_modules/hexo/lib/hexo/index.js:394:29
    at tryCatcher (/root/panboke/node_modules/bluebird/js/release/util.js:16:23)
    at /root/panboke/node_modules/bluebird/js/release/method.js:15:34
    at RouteStream._read (/root/panboke/node_modules/hexo/lib/hexo/router.js:134:3)
    at RouteStream.Readable.read (_stream_readable.js:474:10)
    at resume_ (_stream_readable.js:953:12)
    at processTicksAndRejections (internal/process/task_queues.js:84:9)
Unhandled rejection TypeError: /root/panboke/themes/hexo-theme-laughing-master/layout/tag.pug:15
    13|           h1.article-sort-item.title= _p('page.tags') + ' - ' + page.tag
    14|           - var year
  > 15|           - page.posts.each(function(article){
    16|               - var tempYear = date(article.date, 'YYYY')
    17|               if tempYear !== year
    18|                   - year = tempYear

Cannot read property 'each' of undefined
    at eval (eval at wrap (/root/panboke/node_modules/pug-runtime/wrap.js:6:10), <anonymous>:152:12)
    at template (eval at wrap (/root/panboke/node_modules/pug-runtime/wrap.js:6:10), <anonymous>:323:97)
    at Theme._View.View._compiled (/root/panboke/node_modules/hexo/lib/theme/view.js:125:48)
    at Theme._View.View.View.render (/root/panboke/node_modules/hexo/lib/theme/view.js:30:15)
    at /root/panboke/node_modules/hexo/lib/hexo/index.js:394:29
    at tryCatcher (/root/panboke/node_modules/bluebird/js/release/util.js:16:23)
    at /root/panboke/node_modules/bluebird/js/release/method.js:15:34
    at RouteStream._read (/root/panboke/node_modules/hexo/lib/hexo/router.js:134:3)
    at RouteStream.Readable.read (_stream_readable.js:474:10)
    at resume_ (_stream_readable.js:953:12)
    at processTicksAndRejections (internal/process/task_queues.js:84:9)
Warning: Unexpected block undefined on line undefined + of undefined. This warning will be an error in v2.0.0
Warning: Unexpected block undefined on line undefined + of undefined. This warning will be an error in v2.0.0
